This is pdfTeX, Version 3.141592653-2.6-1.40.22 (TeX Live 2022/dev/Debian) (preloaded format=pdflatex 2024.5.26)  27 FEB 2025 07:39
entering extended mode
 restricted \write18 enabled.
 file:line:error style messages enabled.
 %&-line parsing enabled.
**"/home/tomas_barhon/Code/Bachelor thesis/text/Thesis.tex"
(/home/tomas_barhon/Code/Bachelor thesis/text/Thesis.tex
LaTeX2e <2021-11-15> patch level 1
L3 programming layer <2022-01-21> (/usr/share/texlive/texmf-dist/tex/latex/base/report.cls
Document Class: report 2021/10/04 v1.4n Standard LaTeX document class
(/usr/share/texlive/texmf-dist/tex/latex/base/size12.clo
File: size12.clo 2021/10/04 v1.4n Standard LaTeX file (size option)
)
\c@part=\count185
\c@chapter=\count186
\c@section=\count187
\c@subsection=\count188
\c@subsubsection=\count189
\c@paragraph=\count190
\c@subparagraph=\count191
\c@figure=\count192
\c@table=\count193
\abovecaptionskip=\skip47
\belowcaptionskip=\skip48
\bibindent=\dimen138
) (/usr/share/texlive/texmf-dist/tex/latex/pdfx/pdfx.sty
Package: pdfx 2019/02/27 v1.6.3 PDF/X and PDF/A support (CVR/HTH/RRM/PS)
\pdfx@minorversion=\count194
 (/usr/share/texlive/texmf-dist/tex/generic/iftex/iftex.sty
Package: iftex 2020/03/06 v1.0d TeX engine tests
) (/usr/share/texlive/texmf-dist/tex/generic/iftex/ifpdf.sty
Package: ifpdf 2019/10/25 v3.4 ifpdf legacy package. Use iftex instead.
) (/usr/share/texlive/texmf-dist/tex/generic/iftex/ifxetex.sty
Package: ifxetex 2019/10/25 v0.7 ifxetex legacy package. Use iftex instead.
) (/usr/share/texlive/texmf-dist/tex/latex/everyshi/everyshi.sty
Package: everyshi 2020/11/18 v4.00 EveryShipout Package
) (/usr/share/texlive/texmf-dist/tex/generic/iftex/ifluatex.sty
Package: ifluatex 2019/10/25 v1.5 ifluatex legacy package. Use iftex instead.
){/var/lib/texmf/fonts/map/pdftex/updmap/pdftex.map} (/usr/share/texlive/texmf-dist/tex/latex/base/inputenc.sty
Package: inputenc 2021/02/14 v1.3d Input encoding file
\inpenc@prehook=\toks16
\inpenc@posthook=\toks17
) (/usr/share/texlive/texmf-dist/tex/latex/pdfx/l8u-penc.def
File: l8u-penc.def 2017/06/23 v0.8 Custom LaTeX file, for UTF8 encoded letters and symbols
LaTeX Info: Composite with undeclared \b in encoding L8U on input line 278.
)
\pdfxsafeforxmp@toks=\toks18
 (/usr/share/texlive/texmf-dist/tex/latex/xcolor/xcolor.sty
Package: xcolor 2021/10/31 v2.13 LaTeX color extensions (UK)
 (/usr/share/texlive/texmf-dist/tex/latex/graphics-cfg/color.cfg
File: color.cfg 2016/01/02 v1.6 sample color configuration
)
Package xcolor Info: Driver file: pdftex.def on input line 227.
 (/usr/share/texlive/texmf-dist/tex/latex/graphics-def/pdftex.def
File: pdftex.def 2020/10/05 v1.2a Graphics/color driver for pdftex
)
Package xcolor Info: Model `cmy' substituted by `cmy0' on input line 1352.
Package xcolor Info: Model `hsb' substituted by `rgb' on input line 1356.
Package xcolor Info: Model `RGB' extended on input line 1368.
Package xcolor Info: Model `HTML' substituted by `rgb' on input line 1370.
Package xcolor Info: Model `Hsb' substituted by `hsb' on input line 1371.
Package xcolor Info: Model `tHsb' substituted by `hsb' on input line 1372.
Package xcolor Info: Model `HSB' substituted by `hsb' on input line 1373.
Package xcolor Info: Model `Gray' substituted by `gray' on input line 1374.
Package xcolor Info: Model `wave' substituted by `hsb' on input line 1375.
)
\pdfx@tmptoks=\toks19
 (/usr/share/texlive/texmf-dist/tex/latex/hyperref/hyperref.sty
Package: hyperref 2021-06-07 v7.00m Hypertext links for LaTeX
 (/usr/share/texlive/texmf-dist/tex/generic/ltxcmds/ltxcmds.sty
Package: ltxcmds 2020-05-10 v1.25 LaTeX kernel commands for general use (HO)
) (/usr/share/texlive/texmf-dist/tex/generic/pdftexcmds/pdftexcmds.sty
Package: pdftexcmds 2020-06-27 v0.33 Utility functions of pdfTeX for LuaTeX (HO)
 (/usr/share/texlive/texmf-dist/tex/generic/infwarerr/infwarerr.sty
Package: infwarerr 2019/12/03 v1.5 Providing info/warning/error messages (HO)
)
Package pdftexcmds Info: \pdf@primitive is available.
Package pdftexcmds Info: \pdf@ifprimitive is available.
Package pdftexcmds Info: \pdfdraftmode found.
) (/usr/share/texlive/texmf-dist/tex/latex/graphics/keyval.sty
Package: keyval 2014/10/28 v1.15 key=value parser (DPC)
\KV@toks@=\toks20
) (/usr/share/texlive/texmf-dist/tex/generic/kvsetkeys/kvsetkeys.sty
Package: kvsetkeys 2019/12/15 v1.18 Key value parser (HO)
) (/usr/share/texlive/texmf-dist/tex/generic/kvdefinekeys/kvdefinekeys.sty
Package: kvdefinekeys 2019-12-19 v1.6 Define keys (HO)
) (/usr/share/texlive/texmf-dist/tex/generic/pdfescape/pdfescape.sty
Package: pdfescape 2019/12/09 v1.15 Implements pdfTeX's escape features (HO)
) (/usr/share/texlive/texmf-dist/tex/latex/hycolor/hycolor.sty
Package: hycolor 2020-01-27 v1.10 Color options for hyperref/bookmark (HO)
) (/usr/share/texlive/texmf-dist/tex/latex/letltxmacro/letltxmacro.sty
Package: letltxmacro 2019/12/03 v1.6 Let assignment for LaTeX macros (HO)
) (/usr/share/texlive/texmf-dist/tex/latex/auxhook/auxhook.sty
Package: auxhook 2019-12-17 v1.6 Hooks for auxiliary files (HO)
) (/usr/share/texlive/texmf-dist/tex/latex/kvoptions/kvoptions.sty
Package: kvoptions 2020-10-07 v3.14 Key value format for package options (HO)
)
\@linkdim=\dimen139
\Hy@linkcounter=\count195
\Hy@pagecounter=\count196
 (/usr/share/texlive/texmf-dist/tex/latex/hyperref/pd1enc.def
File: pd1enc.def 2021-06-07 v7.00m Hyperref: PDFDocEncoding definition (HO)
) (/usr/share/texlive/texmf-dist/tex/latex/hyperref/hyperref-langpatches.def
File: hyperref-langpatches.def 2021-06-07 v7.00m Hyperref: patches for babel languages
) (/usr/share/texlive/texmf-dist/tex/generic/intcalc/intcalc.sty
Package: intcalc 2019/12/15 v1.3 Expandable calculations with integers (HO)
) (/usr/share/texlive/texmf-dist/tex/generic/etexcmds/etexcmds.sty
Package: etexcmds 2019/12/15 v1.7 Avoid name clashes with e-TeX commands (HO)
)
\Hy@SavedSpaceFactor=\count197
 (/usr/share/texlive/texmf-dist/tex/latex/hyperref/puenc.def
File: puenc.def 2021-06-07 v7.00m Hyperref: PDF Unicode definition (HO)
)
Package hyperref Info: Option `pdfa' set `true' on input line 4073.
Package hyperref Info: Hyper figures OFF on input line 4192.
Package hyperref Info: Link nesting OFF on input line 4197.
Package hyperref Info: Hyper index ON on input line 4200.
Package hyperref Info: Plain pages OFF on input line 4207.
Package hyperref Info: Backreferencing OFF on input line 4212.
Package hyperref Info: Implicit mode ON; LaTeX internals redefined.
Package hyperref Info: Bookmarks ON on input line 4445.
\c@Hy@tempcnt=\count198
 (/usr/share/texlive/texmf-dist/tex/latex/url/url.sty
\Urlmuskip=\muskip16
Package: url 2013/09/16  ver 3.4  Verb mode for urls, etc.
)
LaTeX Info: Redefining \url on input line 4804.
\XeTeXLinkMargin=\dimen140
 (/usr/share/texlive/texmf-dist/tex/generic/bitset/bitset.sty
Package: bitset 2019/12/09 v1.3 Handle bit-vector datatype (HO)
 (/usr/share/texlive/texmf-dist/tex/generic/bigintcalc/bigintcalc.sty
Package: bigintcalc 2019/12/15 v1.5 Expandable calculations on big integers (HO)
))
\Fld@menulength=\count199
\Field@Width=\dimen141
\Fld@charsize=\dimen142
Package hyperref Info: Hyper figures OFF on input line 6076.
Package hyperref Info: Link nesting OFF on input line 6081.
Package hyperref Info: Hyper index ON on input line 6084.
Package hyperref Info: backreferencing OFF on input line 6091.
Package hyperref Info: Link coloring OFF on input line 6096.
Package hyperref Info: Link coloring with OCG OFF on input line 6101.
Package hyperref Info: PDF/A mode ON on input line 6104.
LaTeX Info: Redefining \ref on input line 6146.
LaTeX Info: Redefining \pageref on input line 6150.
 (/usr/share/texlive/texmf-dist/tex/latex/base/atbegshi-ltx.sty
Package: atbegshi-ltx 2021/01/10 v1.0c Emulation of the original atbegshi
package with kernel methods
)
\Hy@abspage=\count266
\c@Item=\count267
\c@Hfootnote=\count268
)
Package hyperref Info: Driver: hpdftex.
 (/usr/share/texlive/texmf-dist/tex/latex/hyperref/hpdftex.def
File: hpdftex.def 2021-06-07 v7.00m Hyperref driver for pdfTeX
 (/usr/share/texlive/texmf-dist/tex/latex/base/atveryend-ltx.sty
Package: atveryend-ltx 2020/08/19 v1.0a Emulation of the original atveryend package
with kernel methods
)
\Fld@listcount=\count269
\c@bookmark@seq@number=\count270
 (/usr/share/texlive/texmf-dist/tex/latex/rerunfilecheck/rerunfilecheck.sty
Package: rerunfilecheck 2019/12/05 v1.9 Rerun checks for auxiliary files (HO)
 (/usr/share/texlive/texmf-dist/tex/generic/uniquecounter/uniquecounter.sty
Package: uniquecounter 2019/12/15 v1.4 Provide unlimited unique counter (HO)
)
Package uniquecounter Info: New unique counter `rerunfilecheck' on input line 286.
)
\Hy@SectionHShift=\skip49
)
Package hyperref Info: Option `unicode' set `true' on input line 1463.
 (/usr/share/texlive/texmf-dist/tex/generic/stringenc/stringenc.sty
Package: stringenc 2019/11/29 v1.12 Convert strings between diff. encodings (HO)
)
Package hyperref Info: Option `psdextra' set `true' on input line 1465.
 (/usr/share/texlive/texmf-dist/tex/latex/hyperref/puenc-greekbasic.def
File: puenc-greekbasic.def 2021-06-07 v7.00m Hyperref: PDF Unicode definition (greek block) (HO)
) (/usr/share/texlive/texmf-dist/tex/latex/hyperref/psdextra.def
File: psdextra.def 2021-06-07 v7.00m Hyperref: Additions to PDF string support
) (/usr/share/texlive/texmf-dist/tex/generic/colorprofiles/colorprofiles.sty
Package: colorprofiles 2018/11/01 v1.0.1 color profiles for PDF/X and PDF/A support
 (/usr/share/texlive/texmf-dist/tex/generic/colorprofiles/colorprofiles.tex)) (/usr/share/texlive/texmf-dist/tex/generic/stringenc/se-pdfdoc.def
File: se-pdfdoc.def 2019/11/29 v1.12 stringenc: PDFDocEncoding
) (/usr/share/texlive/texmf-dist/tex/latex/pdfx/AdobeColorProfiles.tex) (/usr/share/texlive/texmf-dist/tex/latex/pdfx/8bit.def
File: 8bit.def 2008/03/30 v1.1d Input encoding file
)
** pdfx: Metadata file Thesis.xmpdata read successfully.
(./Thesis.xmpdata)<<sRGB.icc>> (/usr/share/texlive/texmf-dist/tex/latex/pdfx/8bit.def
File: 8bit.def 2008/03/30 v1.1d Input encoding file
) (/usr/share/texlive/texmf-dist/tex/latex/pdfx/8bit.def
File: 8bit.def 2008/03/30 v1.1d Input encoding file
) (/usr/share/texlive/texmf-dist/tex/generic/stringenc/se-utf8.def
File: se-utf8.def 2019/11/29 v1.12 stringenc: UTF-8
) (/usr/share/texlive/texmf-dist/tex/latex/pdfx/8bit.def
File: 8bit.def 2008/03/30 v1.1d Input encoding file
)
Package hyperref Info: Option `unicode' set `true' on input line 2411.
Package hyperref Info: Option `unicode' set `true' on input line 2412.
 (/usr/share/texlive/texmf-dist/tex/latex/pdfx/8bit.def
File: 8bit.def 2008/03/30 v1.1d Input encoding file
) (/usr/share/texlive/texmf-dist/tex/latex/pdfx/8bit.def
File: 8bit.def 2008/03/30 v1.1d Input encoding file
) (/usr/share/texlive/texmf-dist/tex/generic/pdftex/glyphtounicode.tex) (/usr/share/texlive/texmf-dist/tex/latex/pdfx/glyphtounicode-cmr.tex) (/usr/share/texlive/texmf-dist/tex/latex/pdfx/glyphtounicode-ntx.tex) (/usr/share/texlive/texmf-dist/tex/latex/base/ifthen.sty
Package: ifthen 2020/11/24 v1.1c Standard LaTeX ifthen package (DPC)
) (/usr/share/texlive/texmf-dist/tex/latex/xmpincl/xmpincl.sty
Package: xmpincl 2021/09/22 v2.4 Include XMP data in pdflatex
) (/usr/share/texlive/texmf-dist/tex/latex/pdfx/8bit.def
File: 8bit.def 2008/03/30 v1.1d Input encoding file
)
Using XMP template file: pdfa.xmp
\xmpinclWrite=\write3
\xmpinclRead=\read2
\openout3 = `pdfa.xmpi'.

<<pdfa.xmpi>>) (/usr/share/texlive/texmf-dist/tex/latex/base/inputenc.sty
Package: inputenc 2021/02/14 v1.3d Input encoding file
 (/usr/share/texlive/texmf-dist/tex/latex/base/cp1250.def
File: cp1250.def 2021/02/14 v1.3d Input encoding file
)) (/usr/share/texmf/tex/latex/lm/lmodern.sty
Package: lmodern 2009/10/30 v1.6 Latin Modern Fonts
LaTeX Font Info:    Overwriting symbol font `operators' in version `normal'
(Font)                  OT1/cmr/m/n --> OT1/lmr/m/n on input line 22.
LaTeX Font Info:    Overwriting symbol font `letters' in version `normal'
(Font)                  OML/cmm/m/it --> OML/lmm/m/it on input line 23.
LaTeX Font Info:    Overwriting symbol font `symbols' in version `normal'
(Font)                  OMS/cmsy/m/n --> OMS/lmsy/m/n on input line 24.
LaTeX Font Info:    Overwriting symbol font `largesymbols' in version `normal'
(Font)                  OMX/cmex/m/n --> OMX/lmex/m/n on input line 25.
LaTeX Font Info:    Overwriting symbol font `operators' in version `bold'
(Font)                  OT1/cmr/bx/n --> OT1/lmr/bx/n on input line 26.
LaTeX Font Info:    Overwriting symbol font `letters' in version `bold'
(Font)                  OML/cmm/b/it --> OML/lmm/b/it on input line 27.
LaTeX Font Info:    Overwriting symbol font `symbols' in version `bold'
(Font)                  OMS/cmsy/b/n --> OMS/lmsy/b/n on input line 28.
LaTeX Font Info:    Overwriting symbol font `largesymbols' in version `bold'
(Font)                  OMX/cmex/m/n --> OMX/lmex/m/n on input line 29.
LaTeX Font Info:    Overwriting math alphabet `\mathbf' in version `normal'
(Font)                  OT1/cmr/bx/n --> OT1/lmr/bx/n on input line 31.
LaTeX Font Info:    Overwriting math alphabet `\mathsf' in version `normal'
(Font)                  OT1/cmss/m/n --> OT1/lmss/m/n on input line 32.
LaTeX Font Info:    Overwriting math alphabet `\mathit' in version `normal'
(Font)                  OT1/cmr/m/it --> OT1/lmr/m/it on input line 33.
LaTeX Font Info:    Overwriting math alphabet `\mathtt' in version `normal'
(Font)                  OT1/cmtt/m/n --> OT1/lmtt/m/n on input line 34.
LaTeX Font Info:    Overwriting math alphabet `\mathbf' in version `bold'
(Font)                  OT1/cmr/bx/n --> OT1/lmr/bx/n on input line 35.
LaTeX Font Info:    Overwriting math alphabet `\mathsf' in version `bold'
(Font)                  OT1/cmss/bx/n --> OT1/lmss/bx/n on input line 36.
LaTeX Font Info:    Overwriting math alphabet `\mathit' in version `bold'
(Font)                  OT1/cmr/bx/it --> OT1/lmr/bx/it on input line 37.
LaTeX Font Info:    Overwriting math alphabet `\mathtt' in version `bold'
(Font)                  OT1/cmtt/m/n --> OT1/lmtt/m/n on input line 38.
) (/usr/share/texlive/texmf-dist/tex/latex/base/fontenc.sty
Package: fontenc 2021/04/29 v2.0v Standard LaTeX package
LaTeX Font Info:    Trying to load font information for T1+lmr on input line 112.
 (/usr/share/texmf/tex/latex/lm/t1lmr.fd
File: t1lmr.fd 2009/10/30 v1.6 Font defs for Latin Modern
)) (/usr/share/texlive/texmf-dist/tex/latex/base/textcomp.sty
Package: textcomp 2020/02/02 v2.0n Standard LaTeX package
) (./Styles/Head.sty) (./Styles/Mystyle.sty (/usr/share/texlive/texmf-dist/tex/latex/fancyhdr/fancyhdr.sty
Package: fancyhdr 2021/01/28 v4.0.1 Extensive control of page headers and footers
\f@nch@headwidth=\skip50
\f@nch@O@elh=\skip51
\f@nch@O@erh=\skip52
\f@nch@O@olh=\skip53
\f@nch@O@orh=\skip54
\f@nch@O@elf=\skip55
\f@nch@O@erf=\skip56
\f@nch@O@olf=\skip57
\f@nch@O@orf=\skip58
) (/usr/share/texlive/texmf-dist/tex/latex/amsmath/amsmath.sty
Package: amsmath 2021/10/15 v2.17l AMS math features
\@mathmargin=\skip59

For additional information on amsmath, use the `?' option.
(/usr/share/texlive/texmf-dist/tex/latex/amsmath/amstext.sty
Package: amstext 2021/08/26 v2.01 AMS text
 (/usr/share/texlive/texmf-dist/tex/latex/amsmath/amsgen.sty
File: amsgen.sty 1999/11/30 v2.0 generic functions
\@emptytoks=\toks21
\ex@=\dimen143
)) (/usr/share/texlive/texmf-dist/tex/latex/amsmath/amsbsy.sty
Package: amsbsy 1999/11/29 v1.2d Bold Symbols
\pmbraise@=\dimen144
) (/usr/share/texlive/texmf-dist/tex/latex/amsmath/amsopn.sty
Package: amsopn 2021/08/26 v2.02 operator names
)
\inf@bad=\count271
LaTeX Info: Redefining \frac on input line 234.
\uproot@=\count272
\leftroot@=\count273
LaTeX Info: Redefining \overline on input line 399.
\classnum@=\count274
\DOTSCASE@=\count275
LaTeX Info: Redefining \ldots on input line 496.
LaTeX Info: Redefining \dots on input line 499.
LaTeX Info: Redefining \cdots on input line 620.
\Mathstrutbox@=\box50
\strutbox@=\box51
\big@size=\dimen145
LaTeX Font Info:    Redeclaring font encoding OML on input line 743.
LaTeX Font Info:    Redeclaring font encoding OMS on input line 744.
\macc@depth=\count276
\c@MaxMatrixCols=\count277
\dotsspace@=\muskip17
\c@parentequation=\count278
\dspbrk@lvl=\count279
\tag@help=\toks22
\row@=\count280
\column@=\count281
\maxfields@=\count282
\andhelp@=\toks23
\eqnshift@=\dimen146
\alignsep@=\dimen147
\tagshift@=\dimen148
\tagwidth@=\dimen149
\totwidth@=\dimen150
\lineht@=\dimen151
\@envbody=\toks24
\multlinegap=\skip60
\multlinetaggap=\skip61
\mathdisplay@stack=\toks25
LaTeX Info: Redefining \[ on input line 2938.
LaTeX Info: Redefining \] on input line 2939.
) (/usr/share/texlive/texmf-dist/tex/latex/amscls/amsthm.sty
Package: amsthm 2020/05/29 v2.20.6
\thm@style=\toks26
\thm@bodyfont=\toks27
\thm@headfont=\toks28
\thm@notefont=\toks29
\thm@headpunct=\toks30
\thm@preskip=\skip62
\thm@postskip=\skip63
\thm@headsep=\skip64
\dth@everypar=\toks31
) (/usr/share/texlive/texmf-dist/tex/latex/amsfonts/amssymb.sty
Package: amssymb 2013/01/14 v3.01 AMS font symbols
 (/usr/share/texlive/texmf-dist/tex/latex/amsfonts/amsfonts.sty
Package: amsfonts 2013/01/14 v3.01 Basic AMSFonts support
\symAMSa=\mathgroup4
\symAMSb=\mathgroup5
LaTeX Font Info:    Redeclaring math symbol \hbar on input line 98.
LaTeX Font Info:    Overwriting math alphabet `\mathfrak' in version `bold'
(Font)                  U/euf/m/n --> U/euf/b/n on input line 106.
)) (/usr/share/texlive/texmf-dist/tex/latex/base/latexsym.sty
Package: latexsym 1998/08/17 v2.2e Standard LaTeX package (lasy symbols)
\symlasy=\mathgroup6
LaTeX Font Info:    Overwriting symbol font `lasy' in version `bold'
(Font)                  U/lasy/m/n --> U/lasy/b/n on input line 52.
) (/usr/share/texlive/texmf-dist/tex/latex/graphics/graphicx.sty
Package: graphicx 2021/09/16 v1.2d Enhanced LaTeX Graphics (DPC,SPQR)
 (/usr/share/texlive/texmf-dist/tex/latex/graphics/graphics.sty
Package: graphics 2021/03/04 v1.4d Standard LaTeX Graphics (DPC,SPQR)
 (/usr/share/texlive/texmf-dist/tex/latex/graphics/trig.sty
Package: trig 2021/08/11 v1.11 sin cos tan (DPC)
) (/usr/share/texlive/texmf-dist/tex/latex/graphics-cfg/graphics.cfg
File: graphics.cfg 2016/06/04 v1.11 sample graphics configuration
)
Package graphics Info: Driver file: pdftex.def on input line 107.
)
\Gin@req@height=\dimen152
\Gin@req@width=\dimen153
) (/usr/share/texlive/texmf-dist/tex/latex/acronym/acronym.sty
Package: acronym 2020/04/17 v1.47 Support for acronyms (Tobias Oetiker)
 (/usr/share/texlive/texmf-dist/tex/latex/bigfoot/suffix.sty
Package: suffix 2006/07/15 1.5a Variant command support
) (/usr/share/texlive/texmf-dist/tex/generic/xstring/xstring.sty (/usr/share/texlive/texmf-dist/tex/generic/xstring/xstring.tex
\integerpart=\count283
\decimalpart=\count284
)
Package: xstring 2021/07/21 v1.84 String manipulations (CT)
) (/usr/share/texlive/texmf-dist/tex/latex/relsize/relsize.sty
Package: relsize 2013/03/29 ver 4.1
)
\AC@clearlist=\toks32
) (/usr/share/texlive/texmf-dist/tex/latex/float/float.sty
Package: float 2001/11/08 v1.3d Float enhancements (AL)
\c@float@type=\count285
\float@exts=\toks33
\float@box=\box52
\@float@everytoks=\toks34
\@floatcapt=\box53
) (/usr/share/texlive/texmf-dist/tex/latex/caption/caption.sty
Package: caption 2020/10/26 v3.5g Customizing captions (AR)
 (/usr/share/texlive/texmf-dist/tex/latex/caption/caption3.sty
Package: caption3 2020/10/21 v2.2e caption3 kernel (AR)
\captionmargin=\dimen154
\captionmargin@=\dimen155
\captionwidth=\dimen156
\caption@tempdima=\dimen157
\caption@indent=\dimen158
\caption@parindent=\dimen159
\caption@hangindent=\dimen160
Package caption Info: Standard document class detected.
)
\c@caption@flags=\count286
\c@continuedfloat=\count287
Package caption Info: float package is loaded.
Package caption Info: hyperref package is loaded.
) (/usr/share/texlive/texmf-dist/tex/latex/subfigure/subfigure.sty
Package: subfigure 2002/03/15 v2.1.5 subfigure package
\subfigtopskip=\skip65
\subfigcapskip=\skip66
\subfigcaptopadj=\dimen161
\subfigbottomskip=\skip67
\subfigcapmargin=\dimen162
\subfiglabelskip=\skip68
\c@subfigure=\count288
\c@lofdepth=\count289
\c@subtable=\count290
\c@lotdepth=\count291

****************************************
* Local config file subfigure.cfg used *
****************************************
(/usr/share/texlive/texmf-dist/tex/latex/subfigure/subfigure.cfg)
\subfig@top=\skip69
\subfig@bottom=\skip70
) (/usr/share/texlive/texmf-dist/tex/latex/natbib/natbib.sty
Package: natbib 2010/09/13 8.31b (PWD, AO)
\bibhang=\skip71
\bibsep=\skip72
LaTeX Info: Redefining \cite on input line 694.
\c@NAT@ctr=\count292
) (/usr/share/texlive/texmf-dist/tex/latex/sectsty/sectsty.sty
Package: sectsty 2002/02/25 v2.0.2 Commands to change all sectional heading styles


LaTeX Warning: Command \underbar  has changed.
               Check if current package is valid.


LaTeX Warning: Command \underline  has changed.
               Check if current package is valid.

) (/usr/share/texlive/texmf-dist/tex/latex/boxedminipage/boxedminipage.sty
Package: boxedminipage 2020/04/19 v1.1 Boxed LaTeX2e minipages
\bmp@box=\box54
\bmp@width=\skip73
\bmp@height=\skip74
) (/usr/share/texlive/texmf-dist/tex/latex/booktabs/booktabs.sty
Package: booktabs 2020/01/12 v1.61803398 Publication quality tables
\heavyrulewidth=\dimen163
\lightrulewidth=\dimen164
\cmidrulewidth=\dimen165
\belowrulesep=\dimen166
\belowbottomsep=\dimen167
\aboverulesep=\dimen168
\abovetopsep=\dimen169
\cmidrulesep=\dimen170
\cmidrulekern=\dimen171
\defaultaddspace=\dimen172
\@cmidla=\count293
\@cmidlb=\count294
\@aboverulesep=\dimen173
\@belowrulesep=\dimen174
\@thisruleclass=\count295
\@lastruleclass=\count296
\@thisrulewidth=\dimen175
) (/usr/share/texlive/texmf-dist/tex/latex/tools/enumerate.sty
Package: enumerate 2015/07/23 v3.00 enumerate extensions (DPC)
\@enLab=\toks35
) (/usr/share/texlive/texmf-dist/tex/latex/sidecap/sidecap.sty
Package: sidecap 2003/06/06 v1.6f SideCap Package (RN/HjG)
\SC@BOXWD=\dimen176
\SC@CAPWD=\dimen177
\SC@tempdima=\dimen178
\SC@tempdimb=\dimen179
\c@SC@C=\count297
\SC@BOX=\box55
) (/usr/share/texlive/texmf-dist/tex/latex/wrapfig/wrapfig.sty
\wrapoverhang=\dimen180
\WF@size=\dimen181
\c@WF@wrappedlines=\count298
\WF@box=\box56
\WF@everypar=\toks36
Package: wrapfig 2003/01/31  v 3.6
) (/usr/share/texlive/texmf-dist/tex/latex/setspace/setspace.sty
Package: setspace 2011/12/19 v6.7a set line spacing
) (/usr/share/texlive/texmf-dist/tex/latex/graphics/lscape.sty
Package: lscape 2020/05/28 v3.02 Landscape Pages (DPC)
) (/usr/share/texlive/texmf-dist/tex/latex/totpages/totpages.sty
Package: totpages 2005/09/19 v2.00 Totpages Package (muewi)
)
Package hyperref Info: Option `colorlinks' set `false' on input line 29.
Package hyperref Info: Option `breaklinks' set `false' on input line 29.
Package hyperref Info: Option `unicode' set `true' on input line 29.
Package hyperref Info: Option `bookmarksnumbered' set `true' on input line 29.
 (/usr/share/texlive/texmf-dist/tex/latex/geometry/geometry.sty
Package: geometry 2020/01/02 v5.9 Page Geometry
 (/usr/share/texlive/texmf-dist/tex/generic/iftex/ifvtex.sty
Package: ifvtex 2019/10/25 v1.7 ifvtex legacy package. Use iftex instead.
)
\Gm@cnth=\count299
\Gm@cntv=\count300
\c@Gm@tempcnt=\count301
\Gm@bindingoffset=\dimen182
\Gm@wd@mp=\dimen183
\Gm@odd@mp=\dimen184
\Gm@even@mp=\dimen185
\Gm@layoutwidth=\dimen186
\Gm@layoutheight=\dimen187
\Gm@layouthoffset=\dimen188
\Gm@layoutvoffset=\dimen189
\Gm@dimlist=\toks37
)
\c@defin=\count302
\c@ass=\count303
\c@prop=\count304
\c@lemma=\count305
\c@exam=\count306
\c@Listi=\count307
\c@Lista=\count308
 (/usr/share/texlive/texmf-dist/tex/latex/fancybox/fancybox.sty
Package: fancybox 2010/05/15 1.4

Style option: `fancybox' v1.4 <2010/05/15> (tvz)
\@fancybox=\box57
\shadowsize=\dimen190
\@Sbox=\box58
\do@VerbBox=\toks38
\the@fancyput=\toks39
\this@fancyput=\toks40
\EndVerbatimTokens=\toks41
\Verbatim@Outfile=\write4
\Verbatim@Infile=\read3
) (/usr/share/texlive/texmf-dist/tex/latex/tools/verbatim.sty
Package: verbatim 2020-07-07 v1.5u LaTeX2e package for verbatim enhancements
\every@verbatim=\toks42
\verbatim@line=\toks43
\verbatim@in@stream=\read4
)) (/usr/share/texlive/texmf-dist/tex/latex/l3backend/l3backend-pdftex.def
File: l3backend-pdftex.def 2022-01-12 L3 backend support: PDF output (pdfTeX)
\l__color_backend_stack_int=\count309
\l__pdf_internal_box=\box59
)
No file Thesis.aux.
\openout1 = `Thesis.aux'.

LaTeX Font Info:    Checking defaults for OML/cmm/m/it on input line 62.
LaTeX Font Info:    ... okay on input line 62.
LaTeX Font Info:    Checking defaults for OMS/cmsy/m/n on input line 62.
LaTeX Font Info:    ... okay on input line 62.
LaTeX Font Info:    Checking defaults for OT1/cmr/m/n on input line 62.
LaTeX Font Info:    ... okay on input line 62.
LaTeX Font Info:    Checking defaults for T1/cmr/m/n on input line 62.
LaTeX Font Info:    ... okay on input line 62.
LaTeX Font Info:    Checking defaults for TS1/cmr/m/n on input line 62.
LaTeX Font Info:    ... okay on input line 62.
LaTeX Font Info:    Checking defaults for OMX/cmex/m/n on input line 62.
LaTeX Font Info:    ... okay on input line 62.
LaTeX Font Info:    Checking defaults for U/cmr/m/n on input line 62.
LaTeX Font Info:    ... okay on input line 62.
LaTeX Font Info:    Checking defaults for PD1/pdf/m/n on input line 62.
LaTeX Font Info:    ... okay on input line 62.
LaTeX Font Info:    Checking defaults for PU/pdf/m/n on input line 62.
LaTeX Font Info:    ... okay on input line 62.
(/usr/share/texlive/texmf-dist/tex/context/base/mkii/supp-pdf.mkii
[Loading MPS to PDF converter (version 2006.09.02).]
\scratchcounter=\count310
\scratchdimen=\dimen191
\scratchbox=\box60
\nofMPsegments=\count311
\nofMParguments=\count312
\everyMPshowfont=\toks44
\MPscratchCnt=\count313
\MPscratchDim=\dimen192
\MPnumerator=\count314
\makeMPintoPDFobject=\count315
\everyMPtoPDFconversion=\toks45
) (/usr/share/texlive/texmf-dist/tex/latex/epstopdf-pkg/epstopdf-base.sty
Package: epstopdf-base 2020-01-24 v2.11 Base part for package epstopdf
Package epstopdf-base Info: Redefining graphics rule for `.eps' on input line 485.
 (/usr/share/texlive/texmf-dist/tex/latex/latexconfig/epstopdf-sys.cfg
File: epstopdf-sys.cfg 2010/07/13 v1.3 Configuration of (r)epstopdf for TeX Live
))
Package hyperref Info: Link coloring OFF on input line 62.
 (/usr/share/texlive/texmf-dist/tex/latex/hyperref/nameref.sty
Package: nameref 2021-04-02 v2.47 Cross-referencing by name of section
 (/usr/share/texlive/texmf-dist/tex/latex/refcount/refcount.sty
Package: refcount 2019/12/15 v3.6 Data extraction from label references (HO)
) (/usr/share/texlive/texmf-dist/tex/generic/gettitlestring/gettitlestring.sty
Package: gettitlestring 2019/12/15 v1.6 Cleanup title references (HO)
)
\c@section@level=\count316
)
LaTeX Info: Redefining \ref on input line 62.
LaTeX Info: Redefining \pageref on input line 62.
LaTeX Info: Redefining \nameref on input line 62.
\@outlinefile=\write5
\openout5 = `Thesis.out'.

Package caption Info: Begin \AtBeginDocument code.
Package caption Info: sidecap package is loaded.
Package caption Info: subfigure package is loaded.
Package caption Info: wrapfig package is loaded.
Package caption Info: End \AtBeginDocument code.
 (/usr/share/texlive/texmf-dist/tex/latex/ragged2e/ragged2e.sty
Package: ragged2e 2021/12/15 v3.1 ragged2e Package
\CenteringLeftskip=\skip75
\RaggedLeftLeftskip=\skip76
\RaggedRightLeftskip=\skip77
\CenteringRightskip=\skip78
\RaggedLeftRightskip=\skip79
\RaggedRightRightskip=\skip80
\CenteringParfillskip=\skip81
\RaggedLeftParfillskip=\skip82
\RaggedRightParfillskip=\skip83
\JustifyingParfillskip=\skip84
\CenteringParindent=\skip85
\RaggedLeftParindent=\skip86
\RaggedRightParindent=\skip87
\JustifyingParindent=\skip88
)
*geometry* driver: auto-detecting
*geometry* detected driver: pdftex
*geometry* verbose mode - [ preamble ] result:
* driver: pdftex
* paper: a4paper
* layout: <same size as paper>
* layoutoffset:(h,v)=(0.0pt,0.0pt)
* modes: 
* h-part:(L,W,R)=(105.2751pt, 401.18405pt, 91.04872pt)
* v-part:(T,H,B)=(91.04872pt, 662.9494pt, 91.04872pt)
* \paperwidth=597.50787pt
* \paperheight=845.04684pt
* \textwidth=401.18405pt
* \textheight=662.9494pt
* \oddsidemargin=33.00511pt
* \evensidemargin=33.00511pt
* \topmargin=-18.22127pt
* \headheight=20.5pt
* \headsep=25.0pt
* \topskip=12.0pt
* \footskip=30.0pt
* \marginparwidth=35.0pt
* \marginparsep=10.0pt
* \columnsep=10.0pt
* \skip\footins=10.8pt plus 4.0pt minus 2.0pt
* \hoffset=0.0pt
* \voffset=0.0pt
* \mag=1000
* \@twocolumnfalse
* \@twosidefalse
* \@mparswitchfalse
* \@reversemarginfalse
* (1in=72.27pt=25.4mm, 1cm=28.453pt)

LaTeX Font Info:    Trying to load font information for T1+lmss on input line 69.
(/usr/share/texmf/tex/latex/lm/t1lmss.fd
File: t1lmss.fd 2009/10/30 v1.6 Font defs for Latin Modern
)
<Figures/logouk.pdf, id=8, 541.39165pt x 541.38963pt>
File: Figures/logouk.pdf Graphic file (type pdf)
<use Figures/logouk.pdf>
Package pdftex.def Info: Figures/logouk.pdf  used on input line 69.
(pdftex.def)             Requested size: 113.81102pt x 113.81082pt.


LaTeX Font Warning: Font shape `T1/lmss/bx/sc' undefined
(Font)              using `T1/lmss/bx/n' instead on input line 69.

[1.1

 <./Figures/logouk.pdf>] (./01_Frontmatter/decl.tex
LaTeX Font Info:    Trying to load font information for OT1+lmr on input line 14.
 (/usr/share/texmf/tex/latex/lm/ot1lmr.fd
File: ot1lmr.fd 2009/10/30 v1.6 Font defs for Latin Modern
)
LaTeX Font Info:    Trying to load font information for OML+lmm on input line 14.
 (/usr/share/texmf/tex/latex/lm/omllmm.fd
File: omllmm.fd 2009/10/30 v1.6 Font defs for Latin Modern
)
LaTeX Font Info:    Trying to load font information for OMS+lmsy on input line 14.
 (/usr/share/texmf/tex/latex/lm/omslmsy.fd
File: omslmsy.fd 2009/10/30 v1.6 Font defs for Latin Modern
)
LaTeX Font Info:    Trying to load font information for OMX+lmex on input line 14.
 (/usr/share/texmf/tex/latex/lm/omxlmex.fd
File: omxlmex.fd 2009/10/30 v1.6 Font defs for Latin Modern
)
LaTeX Font Info:    External font `lmex10' loaded for size
(Font)              <12> on input line 14.
LaTeX Font Info:    External font `lmex10' loaded for size
(Font)              <8> on input line 14.
LaTeX Font Info:    External font `lmex10' loaded for size
(Font)              <6> on input line 14.
LaTeX Font Info:    Trying to load font information for U+msa on input line 14.
 (/usr/share/texlive/texmf-dist/tex/latex/amsfonts/umsa.fd
File: umsa.fd 2013/01/14 v3.01 AMS symbols A
)
LaTeX Font Info:    Trying to load font information for U+msb on input line 14.
 (/usr/share/texlive/texmf-dist/tex/latex/amsfonts/umsb.fd
File: umsb.fd 2013/01/14 v3.01 AMS symbols B
)
LaTeX Font Info:    Trying to load font information for U+lasy on input line 14.
 (/usr/share/texlive/texmf-dist/tex/latex/base/ulasy.fd
File: ulasy.fd 1998/08/17 v2.2e LaTeX symbol font definitions
)) [2.2] (./01_Frontmatter/abst.tex
LaTeX Font Info:    Trying to load font information for T1+lmtt on input line 21.
 (/usr/share/texmf/tex/latex/lm/t1lmtt.fd
File: t1lmtt.fd 2009/10/30 v1.6 Font defs for Latin Modern
)
LaTeX Font Info:    Trying to load font information for TS1+lmr on input line 35.
 (/usr/share/texmf/tex/latex/lm/ts1lmr.fd
File: ts1lmr.fd 2009/10/30 v1.6 Font defs for Latin Modern
)
Underfull \hbox (badness 1028) in paragraph at lines 37--38
[]\T1/lmr/m/n/12 Redukce ²umu a ex-trakce rys· po-mocí
 []

) [3.3

] [4.4] (./01_Frontmatter/ackn.tex

LaTeX Warning: Reference `TotPages' on page v undefined on input line 15.

) [5.5

]
\tf@toc=\write6
\openout6 = `Thesis.toc'.

 [6.6


]
\tf@lot=\write7
\openout7 = `Thesis.lot'.

 [7.7


]
\tf@lof=\write8
\openout8 = `Thesis.lof'.

 [8.8


] (./01_Frontmatter/acro.tex

LaTeX Warning: Hyper reference `acro:BTC' on page ix undefined on input line 7.


LaTeX Warning: Hyper reference `acro:BTC' on page ix undefined on input line 7.


LaTeX Warning: Hyper reference `acro:ETH' on page ix undefined on input line 8.


LaTeX Warning: Hyper reference `acro:ETH' on page ix undefined on input line 8.


LaTeX Warning: Hyper reference `acro:LTC' on page ix undefined on input line 9.


LaTeX Warning: Hyper reference `acro:LTC' on page ix undefined on input line 9.


LaTeX Warning: Hyper reference `acro:AI' on page ix undefined on input line 10.


LaTeX Warning: Hyper reference `acro:AI' on page ix undefined on input line 10.


LaTeX Warning: Hyper reference `acro:ML' on page ix undefined on input line 11.


LaTeX Warning: Hyper reference `acro:ML' on page ix undefined on input line 11.


LaTeX Warning: Hyper reference `acro:DL' on page ix undefined on input line 12.


LaTeX Warning: Hyper reference `acro:DL' on page ix undefined on input line 12.


LaTeX Warning: Hyper reference `acro:ANN' on page ix undefined on input line 13.


LaTeX Warning: Hyper reference `acro:ANN' on page ix undefined on input line 13.


LaTeX Warning: Hyper reference `acro:SGD' on page ix undefined on input line 14.


LaTeX Warning: Hyper reference `acro:SGD' on page ix undefined on input line 14.


LaTeX Warning: Hyper reference `acro:LR' on page ix undefined on input line 15.


LaTeX Warning: Hyper reference `acro:LR' on page ix undefined on input line 15.


LaTeX Warning: Hyper reference `acro:SVM' on page ix undefined on input line 16.


LaTeX Warning: Hyper reference `acro:SVM' on page ix undefined on input line 16.


LaTeX Warning: Hyper reference `acro:SVR' on page ix undefined on input line 17.


LaTeX Warning: Hyper reference `acro:SVR' on page ix undefined on input line 17.


LaTeX Warning: Hyper reference `acro:RNN' on page ix undefined on input line 18.


LaTeX Warning: Hyper reference `acro:RNN' on page ix undefined on input line 18.


LaTeX Warning: Hyper reference `acro:LSTM' on page ix undefined on input line 19.


LaTeX Warning: Hyper reference `acro:LSTM' on page ix undefined on input line 19.


LaTeX Warning: Hyper reference `acro:PCA' on page ix undefined on input line 20.


LaTeX Warning: Hyper reference `acro:PCA' on page ix undefined on input line 20.


LaTeX Warning: Hyper reference `acro:SVD' on page ix undefined on input line 21.


LaTeX Warning: Hyper reference `acro:SVD' on page ix undefined on input line 21.


LaTeX Warning: Hyper reference `acro:ARIMA' on page ix undefined on input line 22.


LaTeX Warning: Hyper reference `acro:ARIMA' on page ix undefined on input line 22.


LaTeX Warning: Hyper reference `acro:PoW' on page ix undefined on input line 23.


LaTeX Warning: Hyper reference `acro:PoW' on page ix undefined on input line 23.

) [9.9


] (./01_Frontmatter/prop.tex [10.10


] [11.11]) [12.12] (./02_Mainmatter/01_Intro.tex
Chapter 1.
Package acronym Info: Label `acro:BTC' newly defined as it shall be overridden
although it is yet undefined on input line 4.

Package acronym Warning: Acronym `BTC' is not defined on input line 4.


Package acronym Warning: Acronym `BTC' is not defined on input line 4.


Package natbib Warning: Citation `Nakamoto2008' on page 1 undefined on input line 5.


Package acronym Warning: Acronym `BTC' is not defined on input line 11.


Package acronym Warning: Acronym `BTC' is not defined on input line 12.


Package natbib Warning: Citation `Nakamoto2008' on page 1 undefined on input line 18.


Package natbib Warning: Citation `Kukacka2023' on page 1 undefined on input line 20.


Package natbib Warning: Citation `Bouri2022' on page 1 undefined on input line 25.


Package natbib Warning: Citation `Dimpfl2021' on page 1 undefined on input line 25.


Package natbib Warning: Citation `Watorek2023' on page 1 undefined on input line 25.

Package acronym Info: Label `acro:ML' newly defined as it shall be overridden
although it is yet undefined on input line 28.

Package acronym Warning: Acronym `ML' is not defined on input line 28.


Package acronym Warning: Acronym `ML' is not defined on input line 28.

Package acronym Info: Label `acro:DL' newly defined as it shall be overridden
although it is yet undefined on input line 28.

Package acronym Warning: Acronym `DL' is not defined on input line 28.


Package acronym Warning: Acronym `DL' is not defined on input line 28.


Package natbib Warning: Citation `Khedr2021' on page 1 undefined on input line 30.


Package natbib Warning: Citation `Kristjanpoller2018' on page 1 undefined on input line 30.

[1.13


]
Package acronym Info: Label `acro:LR' newly defined as it shall be overridden
although it is yet undefined on input line 34.


Package acronym Warning: Acronym `LR' is not defined on input line 34.


Package acronym Warning: Acronym `LR' is not defined on input line 34.

Package acronym Info: Label `acro:SVM' newly defined as it shall be overridden
although it is yet undefined on input line 34.

Package acronym Warning: Acronym `SVM' is not defined on input line 34.


Package acronym Warning: Acronym `SVM' is not defined on input line 34.

Package acronym Info: Label `acro:LSTM' newly defined as it shall be overridden
although it is yet undefined on input line 35.

Package acronym Warning: Acronym `LSTM' is not defined on input line 35.


Package acronym Warning: Acronym `LSTM' is not defined on input line 35.

Package acronym Info: Label `acro:RNN' newly defined as it shall be overridden
although it is yet undefined on input line 35.

Package acronym Warning: Acronym `RNN' is not defined on input line 35.


Package acronym Warning: Acronym `RNN' is not defined on input line 35.

Package acronym Info: Label `acro:PCA' newly defined as it shall be overridden
although it is yet undefined on input line 36.

Package acronym Warning: Acronym `PCA' is not defined on input line 36.


Package acronym Warning: Acronym `PCA' is not defined on input line 36.


Package natbib Warning: Citation `Farebrother2022' on page 2 undefined on input line 37.


Package natbib Warning: Citation `Pearson1901' on page 2 undefined on input line 40.


Package acronym Warning: Acronym `PCA' is not defined on input line 45.


Package acronym Warning: Acronym `PCA' is not defined on input line 46.


Package natbib Warning: Citation `Chowdhury2018' on page 2 undefined on input line 47.


Package natbib Warning: Citation `Kristjanpoller2018' on page 2 undefined on input line 47.


Package acronym Warning: Acronym `ML' is not defined on input line 51.

Package acronym Info: Label `acro:SGD' newly defined as it shall be overridden
although it is yet undefined on input line 55.

Package acronym Warning: Acronym `SGD' is not defined on input line 55.


Package acronym Warning: Acronym `SGD' is not defined on input line 55.


Package natbib Warning: Citation `Wolpert1995' on page 2 undefined on input line 60.


Package acronym Warning: Acronym `ML' is not defined on input line 61.


Package acronym Warning: Acronym `ML' is not defined on input line 66.


Package acronym Warning: Acronym `PCA' is not defined on input line 67.


Package acronym Warning: Acronym `ML' is not defined on input line 69.

) (./02_Mainmatter/02.tex [2.14] [3.15]
Chapter 2.

Package natbib Warning: Citation `Nakamoto2008' on page 4 undefined on input line 12.


Package natbib Warning: Citation `Conti2018' on page 4 undefined on input line 16.


Package acronym Warning: Acronym `BTC' is not defined on input line 18.


Package natbib Warning: Citation `Moeser2015' on page 4 undefined on input line 21.


Package natbib Warning: Citation `Haber1991' on page 4 undefined on input line 31.

[4.16

]

Package natbib Warning: Citation `Haber1991' on page 5 undefined on input line 44.


Package natbib Warning: Citation `Haber1991' on page 5 undefined on input line 52.


Package natbib Warning: Citation `Dai1998' on page 5 undefined on input line 56.

Package acronym Info: Label `acro:PoW' newly defined as it shall be overridden
although it is yet undefined on input line 56.

Package acronym Warning: Acronym `PoW' is not defined on input line 56.


Package acronym Warning: Acronym `PoW' is not defined on input line 56.


Package natbib Warning: Citation `Dai1998' on page 5 undefined on input line 59.


Package natbib Warning: Citation `Dai1998' on page 5 undefined on input line 61.


Package natbib Warning: Citation `Nakamoto2008' on page 5 undefined on input line 63.


Package natbib Warning: Citation `Kukacka2023' on page 5 undefined on input line 67.


Package natbib Warning: Citation `Kristoufek2023' on page 5 undefined on input line 67.


Package natbib Warning: Citation `Kubal2022' on page 5 undefined on input line 67.


Package natbib Warning: Citation `Jay2020' on page 5 undefined on input line 67.


Package natbib Warning: Citation `Nakamoto2008' on page 5 undefined on input line 74.


Package acronym Warning: Acronym `PoW' is not defined on input line 76.


Package acronym Warning: Acronym `BTC' is not defined on input line 80.


Package natbib Warning: Citation `Nakamoto2008' on page 5 undefined on input line 87.


Package acronym Warning: Acronym `BTC' is not defined on input line 94.


Package acronym Warning: Acronym `BTC' is not defined on input line 95.

[5.17]

Package acronym Warning: Acronym `BTC' is not defined on input line 108.

[6.18]
Package acronym Info: Label `acro:ETH' newly defined as it shall be overridden
although it is yet undefined on input line 119.


Package acronym Warning: Acronym `ETH' is not defined on input line 119.


Package acronym Warning: Acronym `ETH' is not defined on input line 119.


Package acronym Warning: Acronym `BTC' is not defined on input line 122.


Package acronym Warning: Acronym `ETH' is not defined on input line 122.


Package natbib Warning: Citation `Tikhomirov2018' on page 7 undefined on input line 124.


Package acronym Warning: Acronym `ETH' is not defined on input line 147.


Package acronym Warning: Acronym `BTC' is not defined on input line 156.

[7.19]

LaTeX Warning: Reference `de:contract' on page 8 undefined on input line 165.


Package natbib Warning: Citation `buterin2013ethereum' on page 8 undefined on input line 167.


Package natbib Warning: Citation `Tikhomirov2018' on page 8 undefined on input line 167.


Package acronym Warning: Acronym `BTC' is not defined on input line 170.


Package acronym Warning: Acronym `ETH' is not defined on input line 170.


Package acronym Warning: Acronym `ETH' is not defined on input line 171.


Package acronym Warning: Acronym `BTC' is not defined on input line 172.


Package acronym Warning: Acronym `ETH' is not defined on input line 173.


Package acronym Warning: Acronym `ETH' is not defined on input line 176.


Package acronym Warning: Acronym `ETH' is not defined on input line 183.


Package acronym Warning: Acronym `BTC' is not defined on input line 184.


Package natbib Warning: Citation `buterin2013ethereum' on page 8 undefined on input line 185.


Package acronym Warning: Acronym `BTC' is not defined on input line 188.


Package natbib Warning: Citation `Tikhomirov2018' on page 8 undefined on input line 191.


Package natbib Warning: Citation `buterin2013ethereum' on page 8 undefined on input line 192.


LaTeX Warning: Reference `fig:merkel' on page 8 undefined on input line 197.


Package acronym Warning: Acronym `ETH' is not defined on input line 199.



pdfTeX warning: pdflatex (file ./Figures/merkle-tree.pdf): PDF inclusion: found PDF version <1.7>, but at most version <1.5> allowed
<Figures/merkle-tree.pdf, id=197, 597.19106pt x 320.39699pt>
File: Figures/merkle-tree.pdf Graphic file (type pdf)
<use Figures/merkle-tree.pdf>
Package pdftex.def Info: Figures/merkle-tree.pdf  used on input line 206.
(pdftex.def)             Requested size: 401.18405pt x 215.23685pt.
[8.20]

Package acronym Warning: Acronym `BTC' is not defined on input line 214.


Package acronym Warning: Acronym `ETH' is not defined on input line 214.


Package acronym Warning: Acronym `BTC' is not defined on input line 217.


Package natbib Warning: Citation `buterin2013ethereum' on page 9 undefined on input line 217.


Package natbib Warning: Citation `Tikhomirov2018' on page 9 undefined on input line 217.


Package acronym Warning: Acronym `ETH' is not defined on input line 218.


Package acronym Warning: Acronym `ETH' is not defined on input line 223.


Package acronym Warning: Acronym `BTC' is not defined on input line 223.


Package acronym Warning: Acronym `ETH' is not defined on input line 229.


Package natbib Warning: Citation `Lucas2021' on page 9 undefined on input line 233.


Package natbib Warning: Citation `turing1936computable' on page 9 undefined on input line 235.


Package acronym Warning: Acronym `ETH' is not defined on input line 237.


Package natbib Warning: Citation `buterin2013ethereum' on page 9 undefined on input line 240.


Package natbib Warning: Citation `Kleppmann2017' on page 9 undefined on input line 246.

[9.21 <./Figures/merkle-tree.pdf>]

Package acronym Warning: Acronym `ETH' is not defined on input line 253.

Package acronym Info: Label `acro:LTC' newly defined as it shall be overridden
although it is yet undefined on input line 253.

Package acronym Warning: Acronym `LTC' is not defined on input line 253.


Package acronym Warning: Acronym `LTC' is not defined on input line 253.


Package acronym Warning: Acronym `BTC' is not defined on input line 254.


Package acronym Warning: Acronym `BTC' is not defined on input line 255.


Package acronym Warning: Acronym `LTC' is not defined on input line 255.


Package acronym Warning: Acronym `BTC' is not defined on input line 255.


Package acronym Warning: Acronym `BTC' is not defined on input line 256.


Package acronym Warning: Acronym `BTC' is not defined on input line 260.


Package acronym Warning: Acronym `BTC' is not defined on input line 262.


Package acronym Warning: Acronym `LTC' is not defined on input line 263.


Package acronym Warning: Acronym `BTC' is not defined on input line 263.


Package natbib Warning: Citation `Padmavathi2018' on page 10 undefined on input line 266.


Package acronym Warning: Acronym `BTC' is not defined on input line 267.


Package acronym Warning: Acronym `BTC' is not defined on input line 269.


Package acronym Warning: Acronym `ML' is not defined on input line 278.


Package acronym Warning: Acronym `ML' is not defined on input line 279.


Package acronym Warning: Acronym `ML' is not defined on input line 282.

[10.22]

Package acronym Warning: Acronym `ML' is not defined on input line 291.


Package natbib Warning: Citation `Kukacka2023' on page 11 undefined on input line 294.


Package acronym Warning: Acronym `BTC' is not defined on input line 295.


Package acronym Warning: Acronym `ML' is not defined on input line 306.


Package natbib Warning: Citation `Akyildirim2020' on page 11 undefined on input line 315.

[11.23]

Package acronym Warning: Acronym `ML' is not defined on input line 337.


Package natbib Warning: Citation `Fama2017' on page 12 undefined on input line 342.


Package natbib Warning: Citation `Ren2022' on page 12 undefined on input line 343.


Package acronym Warning: Acronym `ML' is not defined on input line 344.


Package natbib Warning: Citation `Urquhart2016' on page 12 undefined on input line 345.


Package acronym Warning: Acronym `BTC' is not defined on input line 345.


Package acronym Warning: Acronym `BTC' is not defined on input line 346.


Package natbib Warning: Citation `Akyildirim2020' on page 12 undefined on input line 356.


Package natbib Warning: Citation `Khedr2021' on page 12 undefined on input line 357.


Package natbib Warning: Citation `Ren2022' on page 12 undefined on input line 362.


Package natbib Warning: Citation `Khedr2021' on page 12 undefined on input line 365.


Package natbib Warning: Citation `Alessandretti2018' on page 12 undefined on input line 370.


Package acronym Warning: Acronym `ML' is not defined on input line 372.


Package acronym Warning: Acronym `BTC' is not defined on input line 373.


Package acronym Warning: Acronym `LSTM' is not defined on input line 376.


Package acronym Warning: Acronym `BTC' is not defined on input line 378.


Package natbib Warning: Citation `Chowdhury2020' on page 12 undefined on input line 381.


Package natbib Warning: Citation `bishop2006pattern' on page 12 undefined on input line 384.

[12.24]

Package acronym Warning: Acronym `PCA' is not defined on input line 397.


Package acronym Warning: Acronym `ML' is not defined on input line 403.


Package acronym Warning: Acronym `PCA' is not defined on input line 408.


Package acronym Warning: Acronym `PCA' is not defined on input line 411.


Package acronym Warning: Acronym `PCA' is not defined on input line 413.


Package natbib Warning: Citation `Nadkarni2018' on page 13 undefined on input line 416.


Package acronym Warning: Acronym `PCA' is not defined on input line 417.

Package acronym Info: Label `acro:ANN' newly defined as it shall be overridden
although it is yet undefined on input line 419.

Package acronym Warning: Acronym `ANN' is not defined on input line 419.


Package acronym Warning: Acronym `ANN' is not defined on input line 419.


Package acronym Warning: Acronym `PCA' is not defined on input line 422.


Package acronym Warning: Acronym `ANN' is not defined on input line 424.


Package acronym Warning: Acronym `PCA' is not defined on input line 426.

[13.25]

Package natbib Warning: Citation `Chowdhury2018' on page 14 undefined on input line 431.


Package acronym Warning: Acronym `PCA' is not defined on input line 431.

Package acronym Info: Label `acro:SVR' newly defined as it shall be overridden
although it is yet undefined on input line 434.

Package acronym Warning: Acronym `SVR' is not defined on input line 434.


Package acronym Warning: Acronym `SVR' is not defined on input line 434.


Package acronym Warning: Acronym `PCA' is not defined on input line 435.


Package natbib Warning: Citation `Toledo2022' on page 14 undefined on input line 436.


Package natbib Warning: Citation `Shah2021' on page 14 undefined on input line 440.


Package natbib Warning: Citation `mohsin2021' on page 14 undefined on input line 440.


Package natbib Warning: Citation `Smales2020' on page 14 undefined on input line 440.


Package acronym Warning: Acronym `PCA' is not defined on input line 441.


Package natbib Warning: Citation `Smales2020' on page 14 undefined on input line 442.


Package acronym Warning: Acronym `BTC' is not defined on input line 444.


Package acronym Warning: Acronym `BTC' is not defined on input line 445.


Package natbib Warning: Citation `Shah2021' on page 14 undefined on input line 446.


Package acronym Warning: Acronym `PCA' is not defined on input line 448.


Package natbib Warning: Citation `Ginsberg2009' on page 14 undefined on input line 459.


Package natbib Warning: Citation `Lazer2014' on page 14 undefined on input line 459.


Package acronym Warning: Acronym `BTC' is not defined on input line 467.


Package natbib Warning: Citation `Hu2018' on page 14 undefined on input line 473.


Package acronym Warning: Acronym `ANN' is not defined on input line 473.


Package natbib Warning: Citation `Huang2019' on page 14 undefined on input line 476.


Package natbib Warning: Citation `Kristoufek2013' on page 14 undefined on input line 483.


Package natbib Warning: Citation `Arratia2021' on page 14 undefined on input line 486.


Package acronym Warning: Acronym `BTC' is not defined on input line 487.


Package acronym Warning: Acronym `BTC' is not defined on input line 489.

[14.26]) (./02_Mainmatter/03.tex [15.27]
Chapter 3.


pdfTeX warning: pdflatex (file ./Figures/dataset_description.drawio.pdf): PDF inclusion: found PDF version <1.7>, but at most version <1.5> allowed
<Figures/dataset_description.drawio.pdf, id=254, 515.04419pt x 176.5797pt>
File: Figures/dataset_description.drawio.pdf Graphic file (type pdf)
<use Figures/dataset_description.drawio.pdf>
Package pdftex.def Info: Figures/dataset_description.drawio.pdf  used on input line 26.
(pdftex.def)             Requested size: 401.18405pt x 137.54567pt.
[16.28

 <./Figures/dataset_description.drawio.pdf>]

Package acronym Warning: Acronym `BTC' is not defined on input line 63.

[17.29]

Package acronym Warning: Acronym `BTC' is not defined on input line 73.


LaTeX Warning: Reference `app:var_desc' on page 18 undefined on input line 73.


LaTeX Warning: Reference `ethereum:missing' on page 18 undefined on input line 77.


LaTeX Warning: Reference `litecoin:missing' on page 18 undefined on input line 77.

[18.30] [19.31]

Package natbib Warning: Citation `West2020a' on page 20 undefined on input line 160.


Package natbib Warning: Citation `West2020a' on page 20 undefined on input line 174.

[20.32]
Overfull \hbox (2.58614pt too wide) in paragraph at lines 194--195
\T1/lmr/m/it/12 rency, cryp-tocur-rency, Cryp-tocur-ren-cies, cryp-tocur-ren-cies, crypto, Crypto 
 []


LaTeX Warning: Reference `fig:dataset_interpolation' on page 21 undefined on input line 223.



pdfTeX warning: pdflatex (file ./Figures/data_interpolation.drawio.pdf): PDF inclusion: found PDF version <1.7>, but at most version <1.5> allowed
<Figures/data_interpolation.drawio.pdf, id=301, 489.74968pt x 617.4267pt>
File: Figures/data_interpolation.drawio.pdf Graphic file (type pdf)
<use Figures/data_interpolation.drawio.pdf>
Package pdftex.def Info: Figures/data_interpolation.drawio.pdf  used on input line 228.
(pdftex.def)             Requested size: 401.18405pt x 505.79384pt.
[21.33]

Package acronym Warning: Acronym `ETH' is not defined on input line 245.

[22.34 <./Figures/data_interpolation.drawio.pdf>]

Package acronym Warning: Acronym `BTC' is not defined on input line 270.


LaTeX Warning: Reference `fig:dataset_shift' on page 23 undefined on input line 278.



pdfTeX warning: pdflatex (file ./Figures/data_shift.drawio.pdf): PDF inclusion: found PDF version <1.7>, but at most version <1.5> allowed
<Figures/data_shift.drawio.pdf, id=326, 351.23218pt x 646.33469pt>
File: Figures/data_shift.drawio.pdf Graphic file (type pdf)
<use Figures/data_shift.drawio.pdf>
Package pdftex.def Info: Figures/data_shift.drawio.pdf  used on input line 283.
(pdftex.def)             Requested size: 401.18405pt x 738.27896pt.

LaTeX Warning: Float too large for page by 114.32954pt on input line 285.


LaTeX Warning: `!h' float specifier changed to `!ht'.

[23.35]

Package acronym Warning: Acronym `LSTM' is not defined on input line 313.


LaTeX Warning: Reference `fig:dataset_lstm_reshape' on page 24 undefined on input line 321.



pdfTeX warning: pdflatex (file ./Figures/LSTM_reshaping.drawio.pdf): PDF inclusion: found PDF version <1.7>, but at most version <1.5> allowed
<Figures/LSTM_reshaping.drawio.pdf, id=340, 470.7186pt x 323.28778pt>
File: Figures/LSTM_reshaping.drawio.pdf Graphic file (type pdf)
<use Figures/LSTM_reshaping.drawio.pdf>
Package pdftex.def Info: Figures/LSTM_reshaping.drawio.pdf  used on input line 333.
(pdftex.def)             Requested size: 401.18405pt x 275.54572pt.

LaTeX Warning: `!h' float specifier changed to `!ht'.

) (./02_Mainmatter/04.tex [24.36] [25.37 <./Figures/data_shift.drawio.pdf>] [26.38 <./Figures/LSTM_reshaping.drawio.pdf>]
Chapter 4.

Package acronym Warning: Acronym `ML' is not defined on input line 4.


Package acronym Warning: Acronym `ML' is not defined on input line 7.


Package natbib Warning: Citation `Samuel1959' on page 27 undefined on input line 9.


Package acronym Warning: Acronym `ML' is not defined on input line 10.


Package acronym Warning: Acronym `ML' is not defined on input line 13.


Package natbib Warning: Citation `Mitchell1997' on page 27 undefined on input line 13.


Package acronym Warning: Acronym `ML' is not defined on input line 22.


Package acronym Warning: Acronym `ML' is not defined on input line 26.


Package acronym Warning: Acronym `ML' is not defined on input line 28.


Package acronym Warning: Acronym `ML' is not defined on input line 30.


Package acronym Warning: Acronym `ML' is not defined on input line 34.

[27.39

]

Package acronym Warning: Acronym `ML' is not defined on input line 43.


Package acronym Warning: Acronym `ML' is not defined on input line 47.

Package acronym Info: Label `acro:AI' newly defined as it shall be overridden
although it is yet undefined on input line 58.

Package acronym Warning: Acronym `AI' is not defined on input line 58.


Package acronym Warning: Acronym `AI' is not defined on input line 58.


Package acronym Warning: Acronym `ML' is not defined on input line 60.


Package acronym Warning: Acronym `LR' is not defined on input line 68.


Package acronym Warning: Acronym `LR' is not defined on input line 69.

[28.40]

Package acronym Warning: Acronym `ML' is not defined on input line 110.


Package acronym Warning: Acronym `SVM' is not defined on input line 112.


Package acronym Warning: Acronym `SVM' is not defined on input line 112.


Package acronym Warning: Acronym `SVM' is not defined on input line 115.



pdfTeX warning: pdflatex (file ./Figures/SVM_idea.drawio.pdf): PDF inclusion: found PDF version <1.7>, but at most version <1.5> allowed
<Figures/SVM_idea.drawio.pdf, id=402, 145.50359pt x 118.5228pt>
File: Figures/SVM_idea.drawio.pdf Graphic file (type pdf)
<use Figures/SVM_idea.drawio.pdf>
Package pdftex.def Info: Figures/SVM_idea.drawio.pdf  used on input line 120.
(pdftex.def)             Requested size: 401.18405pt x 326.7995pt.

LaTeX Warning: `!h' float specifier changed to `!ht'.


LaTeX Warning: Reference `fig:svm' on page 29 undefined on input line 130.


Package acronym Warning: Acronym `SVM' is not defined on input line 133.


Package acronym Warning: Acronym `SVM' is not defined on input line 134.

[29.41]

Package acronym Warning: Acronym `SVM' is not defined on input line 139.


Package acronym Warning: Acronym `ML' is not defined on input line 142.


Package natbib Warning: Citation `bishop2006pattern' on page 30 undefined on input line 142.


Package acronym Warning: Acronym `SVM' is not defined on input line 143.


Package acronym Warning: Acronym `LR' is not defined on input line 143.


Package acronym Warning: Acronym `LSTM' is not defined on input line 146.


Package acronym Warning: Acronym `RNN' is not defined on input line 146.


Package acronym Warning: Acronym `RNN' is not defined on input line 148.


Package acronym Warning: Acronym `RNN' is not defined on input line 151.


Package acronym Warning: Acronym `RNN' is not defined on input line 154.


Package acronym Warning: Acronym `LSTM' is not defined on input line 157.


Package natbib Warning: Citation `Hochreiter1997' on page 30 undefined on input line 158.


Package acronym Warning: Acronym `RNN' is not defined on input line 160.

[30.42 <./Figures/SVM_idea.drawio.pdf>]

Package acronym Warning: Acronym `RNN' is not defined on input line 163.


Package acronym Warning: Acronym `RNN' is not defined on input line 168.


Package acronym Warning: Acronym `RNN' is not defined on input line 171.


Package acronym Warning: Acronym `RNN' is not defined on input line 174.


Package acronym Warning: Acronym `LSTM' is not defined on input line 175.


Package acronym Warning: Acronym `LSTM' is not defined on input line 179.


Package natbib Warning: Citation `Gers2000' on page 31 undefined on input line 180.


Package acronym Warning: Acronym `RNN' is not defined on input line 186.


Package acronym Warning: Acronym `RNN' is not defined on input line 186.



pdfTeX warning: pdflatex (file ./Figures/RNN.drawio.pdf): PDF inclusion: found PDF version <1.7>, but at most version <1.5> allowed
<Figures/RNN.drawio.pdf, id=419, 303.05219pt x 301.125pt>
File: Figures/RNN.drawio.pdf Graphic file (type pdf)
<use Figures/RNN.drawio.pdf>
Package pdftex.def Info: Figures/RNN.drawio.pdf  used on input line 187.
(pdftex.def)             Requested size: 401.18405pt x 398.65788pt.

LaTeX Warning: `!h' float specifier changed to `!ht'.


Package acronym Warning: Acronym `PCA' is not defined on input line 192.


Package acronym Warning: Acronym `PCA' is not defined on input line 194.


Package acronym Warning: Acronym `PCA' is not defined on input line 200.

[31.43]

Package acronym Warning: Acronym `PCA' is not defined on input line 205.


LaTeX Warning: Reference `fig:pca' on page 32 undefined on input line 208.


Package acronym Warning: Acronym `PCA' is not defined on input line 211.

[32.44 <./Figures/RNN.drawio.pdf>]

Package acronym Warning: Acronym `PCA' is not defined on input line 221.


Package acronym Warning: Acronym `PCA' is not defined on input line 221.

<Figures/pca_plot.pdf, id=441, 722.7pt x 433.62pt>
File: Figures/pca_plot.pdf Graphic file (type pdf)
<use Figures/pca_plot.pdf>
Package pdftex.def Info: Figures/pca_plot.pdf  used on input line 222.
(pdftex.def)             Requested size: 401.18405pt x 240.70827pt.

Package acronym Warning: Acronym `PCA' is not defined on input line 226.


Package acronym Warning: Acronym `ML' is not defined on input line 230.


Package acronym Warning: Acronym `PCA' is not defined on input line 231.


Package acronym Warning: Acronym `PCA' is not defined on input line 233.


Package natbib Warning: Citation `Pearson1901' on page 33 undefined on input line 234.

[33.45 <./Figures/pca_plot.pdf>]

Package acronym Warning: Acronym `ML' is not defined on input line 258.


Package acronym Warning: Acronym `PCA' is not defined on input line 270.


LaTeX Warning: Reference `fig:forecasting_framework' on page 34 undefined on input line 272.


LaTeX Warning: Reference `chap:three' on page 34 undefined on input line 275.


Package acronym Warning: Acronym `PCA' is not defined on input line 276.


Package acronym Warning: Acronym `PCA' is not defined on input line 281.

[34.46]

Package acronym Warning: Acronym `LSTM' is not defined on input line 283.


Package acronym Warning: Acronym `LSTM' is not defined on input line 284.


Package acronym Warning: Acronym `RNN' is not defined on input line 284.


LaTeX Warning: Reference `chap:three' on page 35 undefined on input line 285.

[35.47]

Package acronym Warning: Acronym `ML' is not defined on input line 328.



pdfTeX warning: pdflatex (file ./Figures/time_series_split.drawio.pdf): PDF inclusion: found PDF version <1.7>, but at most version <1.5> allowed
<Figures/time_series_split.drawio.pdf, id=493, 117.3183pt x 53.23889pt>
File: Figures/time_series_split.drawio.pdf Graphic file (type pdf)
<use Figures/time_series_split.drawio.pdf>
Package pdftex.def Info: Figures/time_series_split.drawio.pdf  used on input line 349.
(pdftex.def)             Requested size: 401.18405pt x 182.06506pt.

LaTeX Warning: `!h' float specifier changed to `!ht'.



pdfTeX warning: pdflatex (file ./Figures/Forecasting_framework.drawio.pdf): PDF inclusion: found PDF version <1.7>, but at most version <1.5> allowed
<Figures/Forecasting_framework.drawio.pdf, id=494, 228.855pt x 334.3692pt>
File: Figures/Forecasting_framework.drawio.pdf Graphic file (type pdf)
<use Figures/Forecasting_framework.drawio.pdf>
Package pdftex.def Info: Figures/Forecasting_framework.drawio.pdf  used on input line 360.
(pdftex.def)             Requested size: 401.18405pt x 586.17526pt.

LaTeX Warning: `!h' float specifier changed to `!ht'.

) (./02_Mainmatter/05.tex [36.48] [37.49 <./Figures/time_series_split.drawio.pdf>] [38.50 <./Figures/Forecasting_framework.drawio.pdf>]
Chapter 5.

Package acronym Warning: Acronym `ARIMA' is not defined on input line 7.


Package acronym Warning: Acronym `LR' is not defined on input line 8.


Package acronym Warning: Acronym `SVM' is not defined on input line 9.


Package acronym Warning: Acronym `LSTM' is not defined on input line 10.

) (./02_Mainmatter/06.tex [39.51

]
Chapter 6.
) [40.52

] (./Thesis.bbl
./Thesis.bbl:61: Misplaced alignment tab character &.
<argument> IEEE Communications Surveys &
                                        amp; Tutorials
l.61 ...EE Communications Surveys &amp; Tutorials}
                                                   \textbf{20(4)}:
I can't figure out why you would want to use a tab mark
here. If you just want an ampersand, the remedy is
simple: Just type `I\&' now. But if some right brace
up above has ended a previous alignment prematurely,
you're probably due for more error messages, and you
might try typing `S' now just to see what is salvageable.

[41.53


] [42.54]
Underfull \hbox (badness 1102) in paragraph at lines 133--136
\T1/lmr/m/n/12 O'Reilley, first edi-tion edi-tion.  Hier auch sp\TS1/lmr/m/n/12 ¤\T1/lmr/m/n/12 ter er-schienene, un-
 []

[43.55] [44.56]
./Thesis.bbl:269: Misplaced alignment tab character &.
<argument> ...national Conference on Information &
                                                  amp; Knowledge Management,
l.269   Information &amp; Knowledge Management,}
                                                 volume 457 of \emph{CIKM â...
I can't figure out why you would want to use a tab mark
here. If you just want an ampersand, the remedy is
simple: Just type `I\&' now. But if some right brace
up above has ended a previous alignment prematurely,
you're probably due for more error messages, and you
might try typing `S' now just to see what is salvageable.

) [45.57] (./03_Backmatter/01_App.tex
Appendix A.
) (./03_Backmatter/02_App.tex [1.58


]
Appendix B.
<Figures/BTC_missing_1.pdf, id=623, 1300.86pt x 794.97pt>
File: Figures/BTC_missing_1.pdf Graphic file (type pdf)
<use Figures/BTC_missing_1.pdf>
Package pdftex.def Info: Figures/BTC_missing_1.pdf  used on input line 5.
(pdftex.def)             Requested size: 441.29408pt x 269.6797pt.

Overfull \hbox (40.11003pt too wide) in paragraph at lines 5--6
 [][] 
 []

<Figures/ETH_missing_1.pdf, id=624, 1300.86pt x 794.97pt>
File: Figures/ETH_missing_1.pdf Graphic file (type pdf)
<use Figures/ETH_missing_1.pdf>
Package pdftex.def Info: Figures/ETH_missing_1.pdf  used on input line 13.
(pdftex.def)             Requested size: 441.29408pt x 269.6797pt.

Overfull \hbox (40.11003pt too wide) in paragraph at lines 13--14
 [][] 
 []

<Figures/LTC_missing_1.pdf, id=625, 1300.86pt x 794.97pt>
File: Figures/LTC_missing_1.pdf Graphic file (type pdf)
<use Figures/LTC_missing_1.pdf>
Package pdftex.def Info: Figures/LTC_missing_1.pdf  used on input line 21.
(pdftex.def)             Requested size: 441.29408pt x 269.6797pt.

Overfull \hbox (40.11003pt too wide) in paragraph at lines 21--22
 [][] 
 []

) (./03_Backmatter/03_App.tex [2.59

 <./Figures/BTC_missing_1.pdf>] [3.60 <./Figures/ETH_missing_1.pdf> <./Figures/LTC_missing_1.pdf>]
Appendix C.

Package acronym Warning: Acronym `BTC' is not defined on input line 3.

[4.61

] [5.62] [6.63]) (./03_Backmatter/04_App.tex [7.64]
Appendix D.

Overfull \hbox (5.41078pt too wide) in paragraph at lines 3--7
[]\T1/lmr/m/n/12 https://github.com/Tomas-Barhon/Noise-reduction-and-feature-extraction[]. In-
 []

) [8.65

]

Package natbib Warning: There were undefined citations.

(./Thesis.aux

Package natbib Warning: Citation(s) may have changed.
(natbib)                Rerun to get citations correct.

)

LaTeX Font Warning: Some font shapes were not available, defaults substituted.


LaTeX Warning: There were undefined references.


LaTeX Warning: Label(s) may have changed. Rerun to get cross-references right.


Package rerunfilecheck Warning: File `Thesis.out' has changed.
(rerunfilecheck)                Rerun to get outlines right
(rerunfilecheck)                or use package `bookmark'.

Package rerunfilecheck Info: Checksums for `Thesis.out':
(rerunfilecheck)             Before: <no file>
(rerunfilecheck)             After:  1DBC306B6FA3CBEEE5B44E8F89E6EABD;6454.
 ) 
Here is how much of TeX's memory you used:
 18837 strings out of 478287
 295027 string characters out of 5849289
 555659 words of memory out of 5000000
 36364 multiletter control sequences out of 15000+600000
 569849 words of font info for 82 fonts, out of 8000000 for 9000
 1143 hyphenation exceptions out of 8191
 77i,16n,79p,681b,2377s stack positions out of 5000i,500n,10000p,200000b,80000s
{/usr/share/texmf/fonts/enc/dvips/lm/lm-ts1.enc}{/usr/share/texmf/fonts/enc/dvips/lm/lm-ec.enc}{/usr/share/texmf/fonts/enc/dvips/lm/lm-mathex.enc}{/usr/share/texmf/fonts/enc/dvips/lm/lm-rm.enc}{/usr/share/texmf/fonts/enc/dvips/lm/lm-mathsy.enc}{/usr/share/texmf/fonts/enc/dvips/lm/lm-mathit.enc}</usr/share/texmf/fonts/type1/public/lm/lmbx10.pfb></usr/share/texmf/fonts/type1/public/lm/lmbx12.pfb></usr/share/texmf/fonts/type1/public/lm/lmbx8.pfb></usr/share/texmf/fonts/type1/public/lm/lmcsc10.pfb></usr/share/texmf/fonts/type1/public/lm/lmex10.pfb></usr/share/texmf/fonts/type1/public/lm/lmmi12.pfb></usr/share/texmf/fonts/type1/public/lm/lmmi8.pfb></usr/share/texmf/fonts/type1/public/lm/lmr10.pfb></usr/share/texmf/fonts/type1/public/lm/lmr12.pfb></usr/share/texmf/fonts/type1/public/lm/lmr8.pfb></usr/share/texmf/fonts/type1/public/lm/lmri12.pfb></usr/share/texmf/fonts/type1/public/lm/lmss12.pfb></usr/share/texmf/fonts/type1/public/lm/lmss17.pfb></usr/share/texmf/fonts/type1/public/lm/lmssbx10.pfb></usr/share/texmf/fonts/type1/public/lm/lmsy10.pfb></usr/share/texmf/fonts/type1/public/lm/lmsy8.pfb></usr/share/texmf/fonts/type1/public/lm/lmtt12.pfb></usr/share/texlive/texmf-dist/fonts/type1/public/amsfonts/symbols/msbm10.pfb>
Output written on Thesis.pdf (65 pages, 8128483 bytes).
PDF statistics:
 1023 PDF objects out of 1200 (max. 8388607)
 642 compressed objects within 7 object streams
 236 named destinations out of 1000 (max. 500000)
 83 words of extra memory for PDF output out of 10000 (max. 10000000)

